<?xml version="1.0" encoding="UTF-8"?>
<testng-results ignored="0" total="1" passed="1" failed="0" skipped="0">
  <reporter-output>
  </reporter-output>
  <suite started-at="2026-01-12T23:55:37 GMT+03:00" name="Surefire suite" finished-at="2026-01-12T23:57:14 GMT+03:00" duration-ms="96662">
    <groups>
    </groups>
    <test started-at="2026-01-12T23:55:37 GMT+03:00" name="Surefire test" finished-at="2026-01-12T23:57:14 GMT+03:00" duration-ms="96662">
      <class name="tests.QaJobsE2ETest">
        <test-method is-config="true" signature="setUp()[pri:0, instance:tests.QaJobsE2ETest@971d0d8]" started-at="2026-01-12T23:55:37 GMT+03:00" name="setUp" finished-at="2026-01-12T23:55:39 GMT+03:00" duration-ms="1642" status="PASS">
          <reporter-output>
          </reporter-output>
        </test-method> <!-- setUp -->
        <test-method signature="testQaJobsFlow()[pri:0, instance:tests.QaJobsE2ETest@971d0d8]" started-at="2026-01-12T23:55:39 GMT+03:00" name="testQaJobsFlow" finished-at="2026-01-12T23:57:14 GMT+03:00" duration-ms="94766" status="PASS">
          <reporter-output>
          </reporter-output>
        </test-method> <!-- testQaJobsFlow -->
        <test-method is-config="true" signature="tearDown()[pri:0, instance:tests.QaJobsE2ETest@971d0d8]" started-at="2026-01-12T23:57:14 GMT+03:00" name="tearDown" finished-at="2026-01-12T23:57:14 GMT+03:00" duration-ms="217" status="PASS">
          <reporter-output>
          </reporter-output>
        </test-method> <!-- tearDown -->
      </class> <!-- tests.QaJobsE2ETest -->
    </test> <!-- Surefire test -->
  </suite> <!-- Surefire suite -->
</testng-results>
